CRITICAL - 2023-05-06 13:53:00 --> Invalid file: "v2/admin/base.php"
in SYSTEMPATH\Exceptions\FrameworkException.php on line 33.
 1 SYSTEMPATH\View\View.php(201): CodeIgniter\Exceptions\FrameworkException::forInvalidFile('v2/admin/base.php')
 2 SYSTEMPATH\View\View.php(229): CodeIgniter\View\View->render('v2/admin/base', [], true)
 3 SYSTEMPATH\Common.php(1184): CodeIgniter\View\View->render('product/index', [], true)
 4 APPPATH\Controllers\Product.php(28): view('product/index', [...])
 5 SYSTEMPATH\CodeIgniter.php(934): App\Controllers\Product->index()
 6 SYSTEMPATH\CodeIgniter.php(499): CodeIgniter\CodeIgniter->runController(Object(App\Controllers\Product))
 7 SYSTEMPATH\CodeIgniter.php(368): CodeIgniter\CodeIgniter->handleRequest(null, Object(Config\Cache), false)
 8 FCPATH\index.php(67): CodeIgniter\CodeIgniter->run()
 9 SYSTEMPATH\Commands\Server\rewrite.php(47): require_once('FCPATH\\index.php')
CRITICAL - 2023-05-06 13:56:07 --> Invalid file: "v2/admin/base.php"
in SYSTEMPATH\Exceptions\FrameworkException.php on line 33.
 1 SYSTEMPATH\View\View.php(201): CodeIgniter\Exceptions\FrameworkException::forInvalidFile('v2/admin/base.php')
 2 SYSTEMPATH\View\View.php(229): CodeIgniter\View\View->render('v2/admin/base', [], true)
 3 SYSTEMPATH\Common.php(1184): CodeIgniter\View\View->render('product/index', [], true)
 4 APPPATH\Controllers\Product.php(28): view('product/index', [...])
 5 SYSTEMPATH\CodeIgniter.php(934): App\Controllers\Product->index()
 6 SYSTEMPATH\CodeIgniter.php(499): CodeIgniter\CodeIgniter->runController(Object(App\Controllers\Product))
 7 SYSTEMPATH\CodeIgniter.php(368): CodeIgniter\CodeIgniter->handleRequest(null, Object(Config\Cache), false)
 8 FCPATH\index.php(67): CodeIgniter\CodeIgniter->run()
 9 SYSTEMPATH\Commands\Server\rewrite.php(47): require_once('FCPATH\\index.php')
CRITICAL - 2023-05-06 13:56:18 --> Invalid file: "v2/admin/base.php"
in SYSTEMPATH\Exceptions\FrameworkException.php on line 33.
 1 SYSTEMPATH\View\View.php(201): CodeIgniter\Exceptions\FrameworkException::forInvalidFile('v2/admin/base.php')
 2 SYSTEMPATH\View\View.php(229): CodeIgniter\View\View->render('v2/admin/base', [], true)
 3 SYSTEMPATH\Common.php(1184): CodeIgniter\View\View->render('product/index', [], true)
 4 APPPATH\Controllers\Product.php(28): view('product/index', [...])
 5 SYSTEMPATH\CodeIgniter.php(934): App\Controllers\Product->index()
 6 SYSTEMPATH\CodeIgniter.php(499): CodeIgniter\CodeIgniter->runController(Object(App\Controllers\Product))
 7 SYSTEMPATH\CodeIgniter.php(368): CodeIgniter\CodeIgniter->handleRequest(null, Object(Config\Cache), false)
 8 FCPATH\index.php(67): CodeIgniter\CodeIgniter->run()
 9 SYSTEMPATH\Commands\Server\rewrite.php(47): require_once('FCPATH\\index.php')
CRITICAL - 2023-05-06 13:56:58 --> Invalid file: "v2/admin/base.php"
in SYSTEMPATH\Exceptions\FrameworkException.php on line 33.
 1 SYSTEMPATH\View\View.php(201): CodeIgniter\Exceptions\FrameworkException::forInvalidFile('v2/admin/base.php')
 2 SYSTEMPATH\View\View.php(229): CodeIgniter\View\View->render('v2/admin/base', [], true)
 3 SYSTEMPATH\Common.php(1184): CodeIgniter\View\View->render('product/index', [], true)
 4 APPPATH\Controllers\Product.php(28): view('product/index', [...])
 5 SYSTEMPATH\CodeIgniter.php(934): App\Controllers\Product->index()
 6 SYSTEMPATH\CodeIgniter.php(499): CodeIgniter\CodeIgniter->runController(Object(App\Controllers\Product))
 7 SYSTEMPATH\CodeIgniter.php(368): CodeIgniter\CodeIgniter->handleRequest(null, Object(Config\Cache), false)
 8 FCPATH\index.php(67): CodeIgniter\CodeIgniter->run()
 9 SYSTEMPATH\Commands\Server\rewrite.php(47): require_once('FCPATH\\index.php')
CRITICAL - 2023-05-06 13:57:24 --> Invalid file: "v2/admin/base.php"
in SYSTEMPATH\Exceptions\FrameworkException.php on line 33.
 1 SYSTEMPATH\View\View.php(201): CodeIgniter\Exceptions\FrameworkException::forInvalidFile('v2/admin/base.php')
 2 SYSTEMPATH\View\View.php(229): CodeIgniter\View\View->render('v2/admin/base', [], true)
 3 SYSTEMPATH\Common.php(1184): CodeIgniter\View\View->render('product/index', [], true)
 4 APPPATH\Controllers\Product.php(28): view('product/index', [...])
 5 SYSTEMPATH\CodeIgniter.php(934): App\Controllers\Product->index()
 6 SYSTEMPATH\CodeIgniter.php(499): CodeIgniter\CodeIgniter->runController(Object(App\Controllers\Product))
 7 SYSTEMPATH\CodeIgniter.php(368): CodeIgniter\CodeIgniter->handleRequest(null, Object(Config\Cache), false)
 8 FCPATH\index.php(67): CodeIgniter\CodeIgniter->run()
 9 SYSTEMPATH\Commands\Server\rewrite.php(47): require_once('FCPATH\\index.php')
CRITICAL - 2023-05-06 14:40:15 --> Invalid file: "v2/admin/base.php"
in SYSTEMPATH\Exceptions\FrameworkException.php on line 33.
 1 SYSTEMPATH\View\View.php(201): CodeIgniter\Exceptions\FrameworkException::forInvalidFile('v2/admin/base.php')
 2 SYSTEMPATH\View\View.php(229): CodeIgniter\View\View->render('v2/admin/base', [], true)
 3 SYSTEMPATH\Common.php(1184): CodeIgniter\View\View->render('product/index', [], true)
 4 APPPATH\Controllers\Product.php(28): view('product/index', [...])
 5 SYSTEMPATH\CodeIgniter.php(934): App\Controllers\Product->index()
 6 SYSTEMPATH\CodeIgniter.php(499): CodeIgniter\CodeIgniter->runController(Object(App\Controllers\Product))
 7 SYSTEMPATH\CodeIgniter.php(368): CodeIgniter\CodeIgniter->handleRequest(null, Object(Config\Cache), false)
 8 FCPATH\index.php(67): CodeIgniter\CodeIgniter->run()
 9 SYSTEMPATH\Commands\Server\rewrite.php(47): require_once('FCPATH\\index.php')
CRITICAL - 2023-05-06 14:40:49 --> Invalid file: "v2/admin/base.php"
in SYSTEMPATH\Exceptions\FrameworkException.php on line 33.
 1 SYSTEMPATH\View\View.php(201): CodeIgniter\Exceptions\FrameworkException::forInvalidFile('v2/admin/base.php')
 2 SYSTEMPATH\View\View.php(229): CodeIgniter\View\View->render('v2/admin/base', [], true)
 3 SYSTEMPATH\Common.php(1184): CodeIgniter\View\View->render('product/index', [], true)
 4 APPPATH\Controllers\Product.php(28): view('product/index', [...])
 5 SYSTEMPATH\CodeIgniter.php(934): App\Controllers\Product->index()
 6 SYSTEMPATH\CodeIgniter.php(499): CodeIgniter\CodeIgniter->runController(Object(App\Controllers\Product))
 7 SYSTEMPATH\CodeIgniter.php(368): CodeIgniter\CodeIgniter->handleRequest(null, Object(Config\Cache), false)
 8 FCPATH\index.php(67): CodeIgniter\CodeIgniter->run()
 9 SYSTEMPATH\Commands\Server\rewrite.php(47): require_once('FCPATH\\index.php')
CRITICAL - 2023-05-06 15:01:56 --> Invalid file: "v2/admin/base.php"
in SYSTEMPATH\Exceptions\FrameworkException.php on line 33.
 1 SYSTEMPATH\View\View.php(201): CodeIgniter\Exceptions\FrameworkException::forInvalidFile('v2/admin/base.php')
 2 SYSTEMPATH\View\View.php(229): CodeIgniter\View\View->render('v2/admin/base', [], true)
 3 SYSTEMPATH\Common.php(1184): CodeIgniter\View\View->render('product/index', [], true)
 4 APPPATH\Controllers\Product.php(28): view('product/index', [...])
 5 SYSTEMPATH\CodeIgniter.php(934): App\Controllers\Product->index()
 6 SYSTEMPATH\CodeIgniter.php(499): CodeIgniter\CodeIgniter->runController(Object(App\Controllers\Product))
 7 SYSTEMPATH\CodeIgniter.php(368): CodeIgniter\CodeIgniter->handleRequest(null, Object(Config\Cache), false)
 8 FCPATH\index.php(67): CodeIgniter\CodeIgniter->run()
 9 SYSTEMPATH\Commands\Server\rewrite.php(47): require_once('FCPATH\\index.php')
CRITICAL - 2023-05-06 15:02:27 --> Invalid file: "v2/admin/base.php"
in SYSTEMPATH\Exceptions\FrameworkException.php on line 33.
 1 SYSTEMPATH\View\View.php(201): CodeIgniter\Exceptions\FrameworkException::forInvalidFile('v2/admin/base.php')
 2 SYSTEMPATH\View\View.php(229): CodeIgniter\View\View->render('v2/admin/base', [], true)
 3 SYSTEMPATH\Common.php(1184): CodeIgniter\View\View->render('product/index', [], true)
 4 APPPATH\Controllers\Product.php(28): view('product/index', [...])
 5 SYSTEMPATH\CodeIgniter.php(934): App\Controllers\Product->index()
 6 SYSTEMPATH\CodeIgniter.php(499): CodeIgniter\CodeIgniter->runController(Object(App\Controllers\Product))
 7 SYSTEMPATH\CodeIgniter.php(368): CodeIgniter\CodeIgniter->handleRequest(null, Object(Config\Cache), false)
 8 FCPATH\index.php(67): CodeIgniter\CodeIgniter->run()
 9 SYSTEMPATH\Commands\Server\rewrite.php(47): require_once('FCPATH\\index.php')
